[2019-01-15 17:22:17,887] multiqc                                            [DEBUG  ]  No MultiQC config found: /opt/miniconda3/lib/python3.6/site-packages/multiqc_config.yaml
[2019-01-15 17:22:17,888] multiqc                                            [DEBUG  ]  No MultiQC config found: /home/tbehnke/.multiqc_config.yaml
[2019-01-15 17:22:17,888] multiqc                                            [DEBUG  ]  No MultiQC config found: multiqc_config.yaml
[2019-01-15 17:22:17,888] multiqc                                            [DEBUG  ]  Command used: /opt/miniconda3/bin/multiqc .
[2019-01-15 17:22:19,099] multiqc                                            [WARNING]  MultiQC Version v1.7 now available!
[2019-01-15 17:22:19,099] multiqc                                            [INFO   ]  This is MultiQC v1.6
[2019-01-15 17:22:19,101] multiqc                                            [DEBUG  ]  Command     : /opt/miniconda3/bin/multiqc .
[2019-01-15 17:22:19,101] multiqc                                            [DEBUG  ]  Working dir : /home/tbehnke/work/trim
[2019-01-15 17:22:19,101] multiqc                                            [INFO   ]  Template    : default
[2019-01-15 17:22:19,102] multiqc                                            [INFO   ]  Searching '.'
[2019-01-15 17:22:19,106] multiqc                                            [DEBUG  ]  Analysing modules: custom_content, conpair, peddy, methylQA, qualimap, preseq, quast, qorts, rna_seqc, rsem, rseqc, busco, goleft_indexcov, disambiguate, supernova, deeptools, sargasso, verifybamid, mirtrace, happy, homer, macs2, theta2, snpeff, gatk, htseq, bcftools, featureCounts, dedup, picard, prokka, samblaster, samtools, bamtools, jellyfish, vcftools, longranger, bbmap, bismark, hicexplorer, hicup, hicpro, salmon, kallisto, slamdunk, star, hisat2, tophat, bowtie2, bowtie1, kat, leehom, adapterRemoval, clipandmerge, cutadapt, flexbar, trimmomatic, skewer, sortmerna, biobloomtools, fastq_screen, afterqc, fastp, fastqc, clusterflow, bcl2fastq, interop
[2019-01-15 17:22:19,107] multiqc                                            [DEBUG  ]  Using temporary directory for creating report: /tmp/tmpke8thlfu
[2019-01-15 17:22:19,167] multiqc                                            [DEBUG  ]  Ignoring file as matched an ignore pattern: 6Hour_CGATGT_L002_R2_003.fastq
[2019-01-15 17:22:19,167] multiqc                                            [DEBUG  ]  Ignoring file as matched an ignore pattern: 0Hour_ATCACG_L002_R2_005.fastq
[2019-01-15 17:22:19,167] multiqc                                            [DEBUG  ]  Ignoring file as matched an ignore pattern: 0Hour_ATCACG_L002_R1_003.fastq
[2019-01-15 17:22:19,168] multiqc                                            [DEBUG  ]  Ignoring file as matched an ignore pattern: 6Hour_CGATGT_L002_R2_001.fastq
[2019-01-15 17:22:19,177] multiqc                                            [DEBUG  ]  Ignoring file as matched an ignore pattern: 0Hour_ATCACG_L002_R1_004.qc.fq.gz
[2019-01-15 17:22:19,177] multiqc                                            [DEBUG  ]  Ignoring file as matched an ignore pattern: 6Hour_CGATGT_L002_R1_003.fastq
[2019-01-15 17:22:19,177] multiqc                                            [DEBUG  ]  Ignoring file as matched an ignore pattern: 6Hour_CGATGT_L002_R2_002.fastq
[2019-01-15 17:22:19,178] multiqc                                            [DEBUG  ]  Ignoring file as matched an ignore pattern: 6Hour_CGATGT_L002_R1_002.qc.fq.gz
[2019-01-15 17:22:19,178] multiqc                                            [DEBUG  ]  Ignoring file as matched an ignore pattern: 6Hour_CGATGT_L002_R1_004.fastq
[2019-01-15 17:22:19,178] multiqc                                            [DEBUG  ]  Ignoring file as matched an ignore pattern: 6Hour_CGATGT_L002_R1_001.fastq
[2019-01-15 17:22:19,179] multiqc                                            [DEBUG  ]  Ignoring file as matched an ignore pattern: 0Hour_ATCACG_L002_R1_003.qc_fastqc.html
[2019-01-15 17:22:19,179] multiqc                                            [DEBUG  ]  Ignoring file as matched an ignore pattern: 6Hour_CGATGT_L002_R2_005.qc_fastqc.html
[2019-01-15 17:22:19,179] multiqc                                            [DEBUG  ]  Ignoring file as matched an ignore pattern: 0Hour_ATCACG_L002_R2_004.qc.fq.gz
[2019-01-15 17:22:19,179] multiqc                                            [DEBUG  ]  Ignoring file as matched an ignore pattern: 6Hour_CGATGT_L002_R2_004.qc.fq.gz
[2019-01-15 17:22:19,180] multiqc                                            [DEBUG  ]  Ignoring file as matched an ignore pattern: combined.fa
[2019-01-15 17:22:19,180] multiqc                                            [DEBUG  ]  Ignoring file as matched an ignore pattern: 0Hour_ATCACG_L002_R1_003.qc.fq.gz
[2019-01-15 17:22:19,180] multiqc                                            [DEBUG  ]  Ignoring file as matched an ignore pattern: 0Hour_ATCACG_L002_R1_001.fastq
[2019-01-15 17:22:19,181] multiqc                                            [DEBUG  ]  Ignoring file as matched an ignore pattern: 0Hour_ATCACG_L002_R1_005.qc.fq.gz
[2019-01-15 17:22:19,181] multiqc                                            [DEBUG  ]  Ignoring file as matched an ignore pattern: 6Hour_CGATGT_L002_R2_004.fastq
[2019-01-15 17:22:19,181] multiqc                                            [DEBUG  ]  Ignoring file as matched an ignore pattern: 0Hour_ATCACG_L002_R2_005.qc.fq.gz
[2019-01-15 17:22:19,181] multiqc                                            [DEBUG  ]  Ignoring file as matched an ignore pattern: 6Hour_CGATGT_L002_R1_005.fastq
[2019-01-15 17:22:19,183] multiqc                                            [DEBUG  ]  Ignoring file as matched an ignore pattern: 0Hour_ATCACG_L002_R2_001.qc.fq.gz
[2019-01-15 17:22:19,183] multiqc                                            [DEBUG  ]  Ignoring file as matched an ignore pattern: 0Hour_ATCACG_L002_R2_004.qc_fastqc.html
[2019-01-15 17:22:19,183] multiqc                                            [DEBUG  ]  Ignoring file as matched an ignore pattern: 6Hour_CGATGT_L002_R1_005.qc.fq.gz
[2019-01-15 17:22:19,184] multiqc                                            [DEBUG  ]  Ignoring file as matched an ignore pattern: 6Hour_CGATGT_L002_R1_002.qc_fastqc.html
[2019-01-15 17:22:19,185] multiqc                                            [DEBUG  ]  Ignoring file as matched an ignore pattern: 0Hour_ATCACG_L002_R2_005.qc_fastqc.html
[2019-01-15 17:22:19,186] multiqc                                            [DEBUG  ]  Ignoring file as matched an ignore pattern: 6Hour_CGATGT_L002_R1_003.qc.fq.gz
[2019-01-15 17:22:19,186] multiqc                                            [DEBUG  ]  Ignoring file as matched an ignore pattern: 0Hour_ATCACG_L002_R1_002.qc.fq.gz
[2019-01-15 17:22:19,187] multiqc                                            [DEBUG  ]  Ignoring file as matched an ignore pattern: orphans.qc.fq.gz
[2019-01-15 17:22:19,188] multiqc                                            [DEBUG  ]  Ignoring file as matched an ignore pattern: 6Hour_CGATGT_L002_R1_001.qc_fastqc.html
[2019-01-15 17:22:19,188] multiqc                                            [DEBUG  ]  Ignoring file as matched an ignore pattern: 6Hour_CGATGT_L002_R2_001.qc_fastqc.html
[2019-01-15 17:22:19,188] multiqc                                            [DEBUG  ]  Ignoring file as matched an ignore pattern: 6Hour_CGATGT_L002_R2_002.qc_fastqc.html
[2019-01-15 17:22:19,189] multiqc                                            [DEBUG  ]  Ignoring file as matched an ignore pattern: 0Hour_ATCACG_L002_R2_003.qc_fastqc.html
[2019-01-15 17:22:19,189] multiqc                                            [DEBUG  ]  Ignoring file as matched an ignore pattern: 6Hour_CGATGT_L002_R2_003.qc.fq.gz
[2019-01-15 17:22:19,189] multiqc                                            [DEBUG  ]  Ignoring file as matched an ignore pattern: 6Hour_CGATGT_L002_R2_001.qc.fq.gz
[2019-01-15 17:22:19,189] multiqc                                            [DEBUG  ]  Ignoring file as matched an ignore pattern: 6Hour_CGATGT_L002_R1_002.fastq
[2019-01-15 17:22:19,190] multiqc                                            [DEBUG  ]  Ignoring file as matched an ignore pattern: 0Hour_ATCACG_L002_R1_002.qc_fastqc.html
[2019-01-15 17:22:19,190] multiqc                                            [DEBUG  ]  Ignoring file as matched an ignore pattern: 0Hour_ATCACG_L002_R2_001.qc_fastqc.html
[2019-01-15 17:22:19,191] multiqc                                            [DEBUG  ]  Ignoring file as matched an ignore pattern: 6Hour_CGATGT_L002_R2_003.qc_fastqc.html
[2019-01-15 17:22:19,191] multiqc                                            [DEBUG  ]  Ignoring file as matched an ignore pattern: 0Hour_ATCACG_L002_R1_004.fastq
[2019-01-15 17:22:19,191] multiqc                                            [DEBUG  ]  Ignoring file as matched an ignore pattern: 6Hour_CGATGT_L002_R2_004.qc_fastqc.html
[2019-01-15 17:22:19,191] multiqc                                            [DEBUG  ]  Ignoring file as matched an ignore pattern: 0Hour_ATCACG_L002_R1_004.qc_fastqc.html
[2019-01-15 17:22:19,192] multiqc                                            [DEBUG  ]  Ignoring file as matched an ignore pattern: 0Hour_ATCACG_L002_R1_005.qc_fastqc.html
[2019-01-15 17:22:19,193] multiqc                                            [DEBUG  ]  Ignoring file as matched an ignore pattern: 0Hour_ATCACG_L002_R1_002.fastq
[2019-01-15 17:22:19,193] multiqc                                            [DEBUG  ]  Ignoring file as matched an ignore pattern: 0Hour_ATCACG_L002_R2_003.qc.fq.gz
[2019-01-15 17:22:19,193] multiqc                                            [DEBUG  ]  Ignoring file as matched an ignore pattern: 6Hour_CGATGT_L002_R1_001.qc.fq.gz
[2019-01-15 17:22:19,194] multiqc                                            [DEBUG  ]  Ignoring file as matched an ignore pattern: 0Hour_ATCACG_L002_R1_001.qc.fq.gz
[2019-01-15 17:22:19,194] multiqc                                            [DEBUG  ]  Ignoring file as matched an ignore pattern: 6Hour_CGATGT_L002_R2_005.fastq
[2019-01-15 17:22:19,194] multiqc                                            [DEBUG  ]  Ignoring file as matched an ignore pattern: 0Hour_ATCACG_L002_R2_003.fastq
[2019-01-15 17:22:19,195] multiqc                                            [DEBUG  ]  Ignoring file as matched an ignore pattern: 0Hour_ATCACG_L002_R2_002.qc_fastqc.html
[2019-01-15 17:22:19,195] multiqc                                            [DEBUG  ]  Ignoring file as matched an ignore pattern: 0Hour_ATCACG_L002_R2_002.qc.fq.gz
[2019-01-15 17:22:19,196] multiqc                                            [DEBUG  ]  Ignoring file as matched an ignore pattern: 0Hour_ATCACG_L002_R2_004.fastq
[2019-01-15 17:22:19,196] multiqc                                            [DEBUG  ]  Ignoring file as matched an ignore pattern: 6Hour_CGATGT_L002_R2_002.qc.fq.gz
[2019-01-15 17:22:19,196] multiqc                                            [DEBUG  ]  Ignoring file as matched an ignore pattern: 0Hour_ATCACG_L002_R2_002.fastq
[2019-01-15 17:22:19,196] multiqc                                            [DEBUG  ]  Ignoring file as matched an ignore pattern: 0Hour_ATCACG_L002_R1_001.qc_fastqc.html
[2019-01-15 17:22:19,197] multiqc                                            [DEBUG  ]  Ignoring file as matched an ignore pattern: 6Hour_CGATGT_L002_R1_005.qc_fastqc.html
[2019-01-15 17:22:19,197] multiqc                                            [DEBUG  ]  Ignoring file as matched an ignore pattern: 6Hour_CGATGT_L002_R2_005.qc.fq.gz
[2019-01-15 17:22:19,197] multiqc                                            [DEBUG  ]  Ignoring file as matched an ignore pattern: 6Hour_CGATGT_L002_R1_004.qc_fastqc.html
[2019-01-15 17:22:19,198] multiqc                                            [DEBUG  ]  Ignoring file as matched an ignore pattern: 0Hour_ATCACG_L002_R1_005.fastq
[2019-01-15 17:22:19,198] multiqc                                            [DEBUG  ]  Ignoring file as matched an ignore pattern: 6Hour_CGATGT_L002_R1_004.qc.fq.gz
[2019-01-15 17:22:19,199] multiqc                                            [DEBUG  ]  Ignoring file as matched an ignore pattern: 0Hour_ATCACG_L002_R2_001.fastq
[2019-01-15 17:22:19,199] multiqc                                            [DEBUG  ]  Ignoring file as matched an ignore pattern: 6Hour_CGATGT_L002_R1_003.qc_fastqc.html
[2019-01-15 17:22:19,538] multiqc                                            [DEBUG  ]  No samples found: custom_content
[2019-01-15 17:22:19,544] multiqc                                            [DEBUG  ]  No samples found: conpair
[2019-01-15 17:22:19,575] multiqc                                            [DEBUG  ]  No samples found: peddy
[2019-01-15 17:22:19,581] multiqc                                            [DEBUG  ]  No samples found: methylQA
[2019-01-15 17:22:19,587] multiqc                                            [DEBUG  ]  No samples found: qualimap
[2019-01-15 17:22:19,593] multiqc                                            [DEBUG  ]  No samples found: preseq
[2019-01-15 17:22:19,599] multiqc                                            [DEBUG  ]  No samples found: quast
[2019-01-15 17:22:19,604] multiqc                                            [DEBUG  ]  No samples found: qorts
[2019-01-15 17:22:19,609] multiqc                                            [DEBUG  ]  No samples found: rna_seqc
[2019-01-15 17:22:19,615] multiqc                                            [DEBUG  ]  No samples found: rsem
[2019-01-15 17:22:19,624] multiqc                                            [DEBUG  ]  No samples found: rseqc
[2019-01-15 17:22:19,629] multiqc                                            [DEBUG  ]  No samples found: busco
[2019-01-15 17:22:19,634] multiqc                                            [DEBUG  ]  No samples found: goleft_indexcov
[2019-01-15 17:22:19,640] multiqc                                            [DEBUG  ]  No samples found: disambiguate
[2019-01-15 17:22:19,645] multiqc                                            [DEBUG  ]  No samples found: supernova
[2019-01-15 17:22:19,653] multiqc                                            [DEBUG  ]  No samples found: deeptools
[2019-01-15 17:22:19,658] multiqc                                            [DEBUG  ]  No samples found: sargasso
[2019-01-15 17:22:19,664] multiqc                                            [DEBUG  ]  No samples found: verifybamid
[2019-01-15 17:22:19,669] multiqc                                            [DEBUG  ]  No samples found: mirtrace
[2019-01-15 17:22:19,675] multiqc                                            [DEBUG  ]  No samples found: happy
[2019-01-15 17:22:19,681] multiqc                                            [DEBUG  ]  No samples found: homer
[2019-01-15 17:22:19,687] multiqc                                            [DEBUG  ]  No samples found: macs2
[2019-01-15 17:22:19,692] multiqc                                            [DEBUG  ]  No samples found: theta2
[2019-01-15 17:22:19,697] multiqc                                            [DEBUG  ]  No samples found: snpeff
[2019-01-15 17:22:19,704] multiqc                                            [DEBUG  ]  No samples found: gatk
[2019-01-15 17:22:19,710] multiqc                                            [DEBUG  ]  No samples found: htseq
[2019-01-15 17:22:19,715] multiqc                                            [DEBUG  ]  No samples found: bcftools
[2019-01-15 17:22:19,721] multiqc                                            [DEBUG  ]  No samples found: featureCounts
[2019-01-15 17:22:19,726] multiqc                                            [DEBUG  ]  No samples found: dedup
[2019-01-15 17:22:19,737] multiqc                                            [DEBUG  ]  No samples found: picard
[2019-01-15 17:22:19,742] multiqc                                            [DEBUG  ]  No samples found: prokka
[2019-01-15 17:22:19,747] multiqc                                            [DEBUG  ]  No samples found: samblaster
[2019-01-15 17:22:19,755] multiqc                                            [DEBUG  ]  No samples found: samtools
[2019-01-15 17:22:19,761] multiqc                                            [DEBUG  ]  No samples found: bamtools
[2019-01-15 17:22:19,766] multiqc                                            [DEBUG  ]  No samples found: jellyfish
[2019-01-15 17:22:19,773] multiqc                                            [DEBUG  ]  No samples found: vcftools
[2019-01-15 17:22:19,782] multiqc                                            [DEBUG  ]  No samples found: longranger
[2019-01-15 17:22:19,791] multiqc                                            [DEBUG  ]  No samples found: bbmap
[2019-01-15 17:22:19,797] multiqc                                            [DEBUG  ]  No samples found: bismark
[2019-01-15 17:22:19,802] multiqc                                            [DEBUG  ]  No samples found: hicexplorer
[2019-01-15 17:22:19,808] multiqc                                            [DEBUG  ]  No samples found: hicup
[2019-01-15 17:22:19,813] multiqc                                            [DEBUG  ]  No samples found: hicpro
[2019-01-15 17:22:19,818] multiqc                                            [DEBUG  ]  No samples found: salmon
[2019-01-15 17:22:19,824] multiqc                                            [DEBUG  ]  No samples found: kallisto
[2019-01-15 17:22:19,829] multiqc                                            [DEBUG  ]  No samples found: slamdunk
[2019-01-15 17:22:19,835] multiqc                                            [DEBUG  ]  No samples found: star
[2019-01-15 17:22:19,840] multiqc                                            [DEBUG  ]  No samples found: hisat2
[2019-01-15 17:22:19,846] multiqc                                            [DEBUG  ]  No samples found: tophat
[2019-01-15 17:22:19,851] multiqc                                            [DEBUG  ]  No samples found: bowtie2
[2019-01-15 17:22:19,856] multiqc                                            [DEBUG  ]  No samples found: bowtie1
[2019-01-15 17:22:19,862] multiqc                                            [DEBUG  ]  No samples found: kat
[2019-01-15 17:22:19,867] multiqc                                            [DEBUG  ]  No samples found: leehom
[2019-01-15 17:22:19,873] multiqc                                            [DEBUG  ]  No samples found: adapterRemoval
[2019-01-15 17:22:19,878] multiqc                                            [DEBUG  ]  No samples found: clipandmerge
[2019-01-15 17:22:19,884] multiqc                                            [DEBUG  ]  No samples found: cutadapt
[2019-01-15 17:22:19,889] multiqc                                            [DEBUG  ]  No samples found: flexbar
[2019-01-15 17:22:19,894] multiqc                                            [DEBUG  ]  No samples found: trimmomatic
[2019-01-15 17:22:19,900] multiqc                                            [DEBUG  ]  No samples found: skewer
[2019-01-15 17:22:19,905] multiqc                                            [DEBUG  ]  No samples found: sortmerna
[2019-01-15 17:22:19,910] multiqc                                            [DEBUG  ]  No samples found: biobloomtools
[2019-01-15 17:22:19,915] multiqc                                            [DEBUG  ]  No samples found: fastq_screen
[2019-01-15 17:22:19,921] multiqc                                            [DEBUG  ]  No samples found: afterqc
[2019-01-15 17:22:19,926] multiqc                                            [DEBUG  ]  No samples found: fastp
[2019-01-15 17:22:20,073] multiqc.modules.fastqc.fastqc                      [INFO   ]  Found 20 reports
[2019-01-15 17:22:20,625] multiqc                                            [DEBUG  ]  No samples found: clusterflow
[2019-01-15 17:22:20,629] multiqc                                            [DEBUG  ]  No samples found: bcl2fastq
[2019-01-15 17:22:20,633] multiqc                                            [DEBUG  ]  No samples found: interop
[2019-01-15 17:22:20,676] multiqc                                            [INFO   ]  Compressing plot data
[2019-01-15 17:22:21,109] multiqc                                            [INFO   ]  Report      : multiqc_report.html
[2019-01-15 17:22:21,109] multiqc                                            [INFO   ]  Data        : multiqc_data
[2019-01-15 17:22:21,109] multiqc                                            [DEBUG  ]  Moving data file from '/tmp/tmpke8thlfu/multiqc_data/multiqc_data.json' to '/home/tbehnke/work/trim/multiqc_data'
[2019-01-15 17:22:21,109] multiqc                                            [DEBUG  ]  Moving data file from '/tmp/tmpke8thlfu/multiqc_data/multiqc_fastqc.txt' to '/home/tbehnke/work/trim/multiqc_data'
[2019-01-15 17:22:21,110] multiqc                                            [DEBUG  ]  Moving data file from '/tmp/tmpke8thlfu/multiqc_data/multiqc_general_stats.txt' to '/home/tbehnke/work/trim/multiqc_data'
[2019-01-15 17:22:21,110] multiqc                                            [DEBUG  ]  Moving data file from '/tmp/tmpke8thlfu/multiqc_data/multiqc_sources.txt' to '/home/tbehnke/work/trim/multiqc_data'
[2019-01-15 17:22:21,260] multiqc                                            [INFO   ]  MultiQC complete
